running egg_info
writing ../../build/ros2_rtos_pkg/ros2_rtos_pkg.egg-info/PKG-INFO
writing dependency_links to ../../build/ros2_rtos_pkg/ros2_rtos_pkg.egg-info/dependency_links.txt
writing entry points to ../../build/ros2_rtos_pkg/ros2_rtos_pkg.egg-info/entry_points.txt
writing requirements to ../../build/ros2_rtos_pkg/ros2_rtos_pkg.egg-info/requires.txt
writing top-level names to ../../build/ros2_rtos_pkg/ros2_rtos_pkg.egg-info/top_level.txt
reading manifest file '../../build/ros2_rtos_pkg/ros2_rtos_pkg.egg-info/SOURCES.txt'
writing manifest file '../../build/ros2_rtos_pkg/ros2_rtos_pkg.egg-info/SOURCES.txt'
running build
running build_py
copying ros2_rtos_pkg/turtle_path_planner.py -> /home/teja/ros2_rtos/build/ros2_rtos_pkg/build/lib/ros2_rtos_pkg
running install
running install_lib
copying /home/teja/ros2_rtos/build/ros2_rtos_pkg/build/lib/ros2_rtos_pkg/turtle_path_planner.py -> /home/teja/ros2_rtos/install/ros2_rtos_pkg/lib/python3.10/site-packages/ros2_rtos_pkg
byte-compiling /home/teja/ros2_rtos/install/ros2_rtos_pkg/lib/python3.10/site-packages/ros2_rtos_pkg/turtle_path_planner.py to turtle_path_planner.cpython-310.pyc
running install_egg_info
removing '/home/teja/ros2_rtos/install/ros2_rtos_pkg/lib/python3.10/site-packages/ros2_rtos_pkg-0.0.0-py3.10.egg-info' (and everything under it)
Copying ../../build/ros2_rtos_pkg/ros2_rtos_pkg.egg-info to /home/teja/ros2_rtos/install/ros2_rtos_pkg/lib/python3.10/site-packages/ros2_rtos_pkg-0.0.0-py3.10.egg-info
running install_scripts
Installing turtle_path_planner script to /home/teja/ros2_rtos/install/ros2_rtos_pkg/lib/ros2_rtos_pkg
writing list of installed files to '/home/teja/ros2_rtos/build/ros2_rtos_pkg/install.log'
