[1.503s] Invoking command in '/home/teja/ros2_rtos/src/ros2_rtos_pkg': PYTHONPATH=/home/teja/ros2_rtos/build/ros2_rtos_pkg/prefix_override:/usr/lib/python3/dist-packages/colcon_core/task/python/colcon_distutils_commands:/home/teja/ros2_rtos/install/ros2_rtos_pkg/lib/python3.10/site-packages:${PYTHONPATH} /usr/bin/python3 -W ignore:setup.py install is deprecated setup.py egg_info --egg-base ../../build/ros2_rtos_pkg build --build-base /home/teja/ros2_rtos/build/ros2_rtos_pkg/build install --record /home/teja/ros2_rtos/build/ros2_rtos_pkg/install.log --single-version-externally-managed
[1.785s] running egg_info
[1.803s] creating ../../build/ros2_rtos_pkg/ros2_rtos_pkg.egg-info
[1.804s] writing ../../build/ros2_rtos_pkg/ros2_rtos_pkg.egg-info/PKG-INFO
[1.805s] writing dependency_links to ../../build/ros2_rtos_pkg/ros2_rtos_pkg.egg-info/dependency_links.txt
[1.805s] writing entry points to ../../build/ros2_rtos_pkg/ros2_rtos_pkg.egg-info/entry_points.txt
[1.806s] writing requirements to ../../build/ros2_rtos_pkg/ros2_rtos_pkg.egg-info/requires.txt
[1.806s] writing top-level names to ../../build/ros2_rtos_pkg/ros2_rtos_pkg.egg-info/top_level.txt
[1.806s] writing manifest file '../../build/ros2_rtos_pkg/ros2_rtos_pkg.egg-info/SOURCES.txt'
[1.806s] reading manifest file '../../build/ros2_rtos_pkg/ros2_rtos_pkg.egg-info/SOURCES.txt'
[1.806s] writing manifest file '../../build/ros2_rtos_pkg/ros2_rtos_pkg.egg-info/SOURCES.txt'
[1.807s] running build
[1.807s] running build_py
[1.807s] creating /home/teja/ros2_rtos/build/ros2_rtos_pkg/build
[1.807s] creating /home/teja/ros2_rtos/build/ros2_rtos_pkg/build/lib
[1.807s] creating /home/teja/ros2_rtos/build/ros2_rtos_pkg/build/lib/ros2_rtos_pkg
[1.807s] copying ros2_rtos_pkg/turtle_path_planner.py -> /home/teja/ros2_rtos/build/ros2_rtos_pkg/build/lib/ros2_rtos_pkg
[1.808s] copying ros2_rtos_pkg/__init__.py -> /home/teja/ros2_rtos/build/ros2_rtos_pkg/build/lib/ros2_rtos_pkg
[1.808s] running install
[1.808s] running install_lib
[1.809s] creating /home/teja/ros2_rtos/install/ros2_rtos_pkg/lib/python3.10/site-packages/ros2_rtos_pkg
[1.809s] copying /home/teja/ros2_rtos/build/ros2_rtos_pkg/build/lib/ros2_rtos_pkg/turtle_path_planner.py -> /home/teja/ros2_rtos/install/ros2_rtos_pkg/lib/python3.10/site-packages/ros2_rtos_pkg
[1.809s] copying /home/teja/ros2_rtos/build/ros2_rtos_pkg/build/lib/ros2_rtos_pkg/__init__.py -> /home/teja/ros2_rtos/install/ros2_rtos_pkg/lib/python3.10/site-packages/ros2_rtos_pkg
[1.810s] byte-compiling /home/teja/ros2_rtos/install/ros2_rtos_pkg/lib/python3.10/site-packages/ros2_rtos_pkg/turtle_path_planner.py to turtle_path_planner.cpython-310.pyc
[1.810s] byte-compiling /home/teja/ros2_rtos/install/ros2_rtos_pkg/lib/python3.10/site-packages/ros2_rtos_pkg/__init__.py to __init__.cpython-310.pyc
[1.810s] running install_egg_info
[1.810s] Copying ../../build/ros2_rtos_pkg/ros2_rtos_pkg.egg-info to /home/teja/ros2_rtos/install/ros2_rtos_pkg/lib/python3.10/site-packages/ros2_rtos_pkg-0.0.0-py3.10.egg-info
[1.810s] running install_scripts
[1.843s] Installing turtle_path_planner script to /home/teja/ros2_rtos/install/ros2_rtos_pkg/lib/ros2_rtos_pkg
[1.845s] writing list of installed files to '/home/teja/ros2_rtos/build/ros2_rtos_pkg/install.log'
[1.883s] Invoked command in '/home/teja/ros2_rtos/src/ros2_rtos_pkg' returned '0': PYTHONPATH=/home/teja/ros2_rtos/build/ros2_rtos_pkg/prefix_override:/usr/lib/python3/dist-packages/colcon_core/task/python/colcon_distutils_commands:/home/teja/ros2_rtos/install/ros2_rtos_pkg/lib/python3.10/site-packages:${PYTHONPATH} /usr/bin/python3 -W ignore:setup.py install is deprecated setup.py egg_info --egg-base ../../build/ros2_rtos_pkg build --build-base /home/teja/ros2_rtos/build/ros2_rtos_pkg/build install --record /home/teja/ros2_rtos/build/ros2_rtos_pkg/install.log --single-version-externally-managed
